-------------------------------------------------------------------------------
Test set: features.FeaturesRunner
-------------------------------------------------------------------------------
Tests run: 75, Failures: 4, Errors: 2, Skipped: 3, Time elapsed: 3.277 sec <<< FAILURE!
And result list is empty(Scenario: List companies)  Time elapsed: 0.003 sec  <<< FAILURE!
java.lang.AssertionError: Current result doesn't contain requested text. Check please result: null
	at org.junit.Assert.fail(Assert.java:88)
	at org.junit.Assert.assertTrue(Assert.java:41)
	at features.RESTStepdefs.responseContains(RESTStepdefs.java:43)
	at features.RESTStepdefs.checkEmptyListResponse(RESTStepdefs.java:87)
	at ✽.And result list is empty(features/company.feature:9)

Scenario: List companies  Time elapsed: 0.003 sec  <<< FAILURE!
java.lang.AssertionError: Current result doesn't contain requested text. Check please result: null
	at org.junit.Assert.fail(Assert.java:88)
	at org.junit.Assert.assertTrue(Assert.java:41)
	at features.RESTStepdefs.responseContains(RESTStepdefs.java:43)
	at features.RESTStepdefs.checkEmptyListResponse(RESTStepdefs.java:87)
	at ✽.And result list is empty(features/company.feature:9)

And JWT contains role USER(Scenario: JWT content)  Time elapsed: 0 sec  <<< FAILURE!
java.lang.AssertionError: User doesn't have the role: USER
	at org.junit.Assert.fail(Assert.java:88)
	at org.junit.Assert.assertTrue(Assert.java:41)
	at features.RESTStepdefs.checkJwtRole(RESTStepdefs.java:71)
	at ✽.And JWT contains role USER(features/login.feature:25)

Scenario: JWT content  Time elapsed: 0 sec  <<< FAILURE!
java.lang.AssertionError: User doesn't have the role: USER
	at org.junit.Assert.fail(Assert.java:88)
	at org.junit.Assert.assertTrue(Assert.java:41)
	at features.RESTStepdefs.checkJwtRole(RESTStepdefs.java:71)
	at ✽.And JWT contains role USER(features/login.feature:25)

And stanislav@trifan.com has manager role(Scenario: Create user with manager role)  Time elapsed: 0 sec  <<< ERROR!
org.apache.commons.lang3.NotImplementedException: Not implemented role functionality
	at com.github.cybortronik.registry.service.UserServiceImpl.addRoleToUser(UserServiceImpl.java:63)
	at features.DatabaseStepdefs.addUserRole(DatabaseStepdefs.java:44)
	at ✽.And stanislav@trifan.com has manager role(features/user/create.feature:20)

Scenario: Create user with manager role  Time elapsed: 0 sec  <<< ERROR!
org.apache.commons.lang3.NotImplementedException: Not implemented role functionality
	at com.github.cybortronik.registry.service.UserServiceImpl.addRoleToUser(UserServiceImpl.java:63)
	at features.DatabaseStepdefs.addUserRole(DatabaseStepdefs.java:44)
	at ✽.And stanislav@trifan.com has manager role(features/user/create.feature:20)

