<?xml version="1.0" encoding="UTF-8" ?>
<testsuite tests="37" failures="6" name="features.FeaturesRunner" time="0.02" errors="2" skipped="3">
  <properties>
    <property name="java.runtime.name" value="OpenJDK Runtime Environment"/>
    <property name="sun.boot.library.path" value="/usr/lib64/jvm/java-1.8.0-openjdk-1.8.0/jre/lib/amd64"/>
    <property name="java.vm.version" value="25.65-b01"/>
    <property name="java.vm.vendor" value="Oracle Corporation"/>
    <property name="maven.multiModuleProjectDirectory" value="/home/stanislav/workspace/fluent-registry/service"/>
    <property name="java.vendor.url" value="http://java.oracle.com/"/>
    <property name="path.separator" value=":"/>
    <property name="guice.disable.misplaced.annotation.check" value="true"/>
    <property name="java.vm.name" value="OpenJDK 64-Bit Server VM"/>
    <property name="file.encoding.pkg" value="sun.io"/>
    <property name="user.country" value="US"/>
    <property name="sun.java.launcher" value="SUN_STANDARD"/>
    <property name="sun.os.patch.level" value="unknown"/>
    <property name="java.vm.specification.name" value="Java Virtual Machine Specification"/>
    <property name="user.dir" value="/home/stanislav/workspace/fluent-registry/service"/>
    <property name="java.runtime.version" value="1.8.0_65-b17"/>
    <property name="java.awt.graphicsenv" value="sun.awt.X11GraphicsEnvironment"/>
    <property name="java.endorsed.dirs" value="/usr/lib64/jvm/java-1.8.0-openjdk-1.8.0/jre/lib/endorsed"/>
    <property name="os.arch" value="amd64"/>
    <property name="java.io.tmpdir" value="/tmp"/>
    <property name="line.separator" value="
"/>
    <property name="java.vm.specification.vendor" value="Oracle Corporation"/>
    <property name="os.name" value="Linux"/>
    <property name="classworlds.conf" value="/opt/apache-maven-3.3.3/bin/m2.conf"/>
    <property name="sun.jnu.encoding" value="UTF-8"/>
    <property name="java.library.path" value="/usr/java/packages/lib/amd64:/usr/lib64:/lib64:/lib:/usr/lib"/>
    <property name="java.specification.name" value="Java Platform API Specification"/>
    <property name="java.class.version" value="52.0"/>
    <property name="sun.management.compiler" value="HotSpot 64-Bit Tiered Compilers"/>
    <property name="os.version" value="3.16.7-29-desktop"/>
    <property name="user.home" value="/home/stanislav"/>
    <property name="user.timezone" value="Europe/Chisinau"/>
    <property name="java.awt.printerjob" value="sun.print.PSPrinterJob"/>
    <property name="file.encoding" value="UTF-8"/>
    <property name="java.specification.version" value="1.8"/>
    <property name="user.name" value="stanislav"/>
    <property name="java.class.path" value="/opt/apache-maven-3.3.3/boot/plexus-classworlds-2.5.2.jar"/>
    <property name="java.vm.specification.version" value="1.8"/>
    <property name="sun.arch.data.model" value="64"/>
    <property name="java.home" value="/usr/lib64/jvm/java-1.8.0-openjdk-1.8.0/jre"/>
    <property name="sun.java.command" value="org.codehaus.plexus.classworlds.launcher.Launcher clean install"/>
    <property name="java.specification.vendor" value="Oracle Corporation"/>
    <property name="user.language" value="en"/>
    <property name="awt.toolkit" value="sun.awt.X11.XToolkit"/>
    <property name="java.vm.info" value="mixed mode"/>
    <property name="java.version" value="1.8.0_65"/>
    <property name="java.ext.dirs" value="/usr/lib64/jvm/java-1.8.0-openjdk-1.8.0/jre/lib/ext:/usr/java/packages/lib/ext"/>
    <property name="securerandom.source" value="file:/dev/./urandom"/>
    <property name="sun.boot.class.path" value="/usr/lib64/jvm/java-1.8.0-openjdk-1.8.0/jre/lib/resources.jar:/usr/lib64/jvm/java-1.8.0-openjdk-1.8.0/jre/lib/rt.jar:/usr/lib64/jvm/java-1.8.0-openjdk-1.8.0/jre/lib/sunrsasign.jar:/usr/lib64/jvm/java-1.8.0-openjdk-1.8.0/jre/lib/jsse.jar:/usr/lib64/jvm/java-1.8.0-openjdk-1.8.0/jre/lib/jce.jar:/usr/lib64/jvm/java-1.8.0-openjdk-1.8.0/jre/lib/charsets.jar:/usr/lib64/jvm/java-1.8.0-openjdk-1.8.0/jre/lib/jfr.jar:/usr/lib64/jvm/java-1.8.0-openjdk-1.8.0/jre/classes"/>
    <property name="java.vendor" value="Oracle Corporation"/>
    <property name="maven.home" value="/opt/apache-maven-3.3.3"/>
    <property name="file.separator" value="/"/>
    <property name="java.vendor.url.bug" value="http://bugreport.sun.com/bugreport/"/>
    <property name="sun.cpu.endian" value="little"/>
    <property name="sun.io.unicode.encoding" value="UnicodeLittle"/>
    <property name="sun.cpu.isalist" value=""/>
  </properties>
  <testcase classname="Scenario: Invalid credentials" name="Given database has no users." time="0"/>
  <testcase classname="Scenario: Invalid credentials" name="When login as stanislav@trifan.com with password &apos;s3cr3t&apos;" time="0"/>
  <testcase classname="Scenario: Invalid credentials" name="Then response code is 401" time="0"/>
  <testcase classname="Scenario: Invalid credentials" name="Scenario: Invalid credentials" time="0.001"/>
  <testcase classname="Scenario: Existing account" name="Given database has no users." time="0"/>
  <testcase classname="Scenario: Existing account" name="Given having account stanislav@trifan.com with password &apos;s3cr3t&apos;" time="0"/>
  <testcase classname="Scenario: Existing account" name="When login as stanislav@trifan.com with password &apos;s3cr3t&apos;" time="0"/>
  <testcase classname="Scenario: Existing account" name="Then response code is 200" time="0"/>
  <testcase classname="Scenario: Existing account" name="And response contains: jwt" time="0"/>
  <testcase classname="Scenario: Existing account" name="Scenario: Existing account" time="0.001"/>
  <testcase classname="Scenario: JWT content" name="Given database has no users." time="0"/>
  <testcase classname="Scenario: JWT content" name="Given having account stanislav@trifan.com with password &apos;s3cr3t&apos;" time="0"/>
  <testcase classname="Scenario: JWT content" name="When login as stanislav@trifan.com with password &apos;s3cr3t&apos;" time="0"/>
  <testcase classname="Scenario: JWT content" name="Then response code is 200" time="0"/>
  <testcase classname="Scenario: JWT content" name="And response contains: jwt" time="0"/>
  <testcase classname="Scenario: JWT content" name="When extract JWT details" time="0"/>
  <testcase classname="Scenario: JWT content" name="Then JWT email is stanislav@trifan.com" time="0"/>
  <testcase classname="Scenario: JWT content" name="And JWT contains role USER" time="0.003">
    <failure message="User doesn&apos;t have the role: USER" type="java.lang.AssertionError">java.lang.AssertionError: User doesn&apos;t have the role: USER
	at org.junit.Assert.fail(Assert.java:88)
	at org.junit.Assert.assertTrue(Assert.java:41)
	at features.RESTStepdefs.checkJwtRole(RESTStepdefs.java:71)
	at ✽.And JWT contains role USER(features/login.feature:25)
</failure>
  </testcase>
  <testcase classname="Scenario: JWT content" name="Scenario: JWT content" time="0.003">
    <failure message="User doesn&apos;t have the role: USER" type="java.lang.AssertionError">java.lang.AssertionError: User doesn&apos;t have the role: USER
	at org.junit.Assert.fail(Assert.java:88)
	at org.junit.Assert.assertTrue(Assert.java:41)
	at features.RESTStepdefs.checkJwtRole(RESTStepdefs.java:71)
	at ✽.And JWT contains role USER(features/login.feature:25)
</failure>
  </testcase>
  <testcase classname="Scenario: Create user without being logged in" name="Given database has no users." time="0"/>
  <testcase classname="Scenario: Create user without being logged in" name="When request user creation for: john@carter.com with password &quot;an0nymus&quot; as John Carter" time="0"/>
  <testcase classname="Scenario: Create user without being logged in" name="Then response code is 401" time="0">
    <failure message="Expected status code &lt;401&gt; doesn&apos;t match actual status code &lt;200&gt;.
" type="java.lang.AssertionError">java.lang.AssertionError: Expected status code &lt;401&gt; doesn&apos;t match actual status code &lt;200&gt;.

	at sun.reflect.NativeConstructorAccessorImpl.newInstance0(Native Method)
	at sun.reflect.NativeConstructorAccessorImpl.newInstance(NativeConstructorAccessorImpl.java:62)
	at sun.reflect.DelegatingConstructorAccessorImpl.newInstance(DelegatingConstructorAccessorImpl.java:45)
	at java.lang.reflect.Constructor.newInstance(Constructor.java:422)
	at org.codehaus.groovy.reflection.CachedConstructor.invoke(CachedConstructor.java:77)
	at org.codehaus.groovy.runtime.callsite.ConstructorSite$ConstructorSiteNoUnwrapNoCoerce.callConstructor(ConstructorSite.java:102)
	at org.codehaus.groovy.runtime.callsite.CallSiteArray.defaultCallConstructor(CallSiteArray.java:57)
	at org.codehaus.groovy.runtime.callsite.AbstractCallSite.callConstructor(AbstractCallSite.java:182)
	at org.codehaus.groovy.runtime.callsite.AbstractCallSite.callConstructor(AbstractCallSite.java:190)
	at com.jayway.restassured.internal.ResponseSpecificationImpl$HamcrestAssertionClosure.validate(ResponseSpecificationImpl.groovy:553)
	at com.jayway.restassured.internal.ResponseSpecificationImpl$HamcrestAssertionClosure$validate$1.call(Unknown Source)
	at com.jayway.restassured.internal.ResponseSpecificationImpl.validateResponseIfRequired(ResponseSpecificationImpl.groovy:691)
	at com.jayway.restassured.internal.ResponseSpecificationImpl.this$2$validateResponseIfRequired(ResponseSpecificationImpl.groovy)
	at com.jayway.restassured.internal.ResponseSpecificationImpl$this$2$validateResponseIfRequired$1.callCurrent(Unknown Source)
	at com.jayway.restassured.internal.ResponseSpecificationImpl.statusCode(ResponseSpecificationImpl.groovy:105)
	at com.jayway.restassured.specification.ResponseSpecification$statusCode$1.callCurrent(Unknown Source)
	at com.jayway.restassured.internal.ResponseSpecificationImpl.statusCode(ResponseSpecificationImpl.groovy:113)
	at com.jayway.restassured.specification.ResponseSpecification$statusCode$0.call(Unknown Source)
	at com.jayway.restassured.internal.ValidatableResponseImpl.statusCode(ValidatableResponseImpl.groovy:64)
	at features.RESTStepdefs.checkResponseCode(RESTStepdefs.java:54)
	at ✽.Then response code is 401(features/user/create.feature:9)
</failure>
  </testcase>
  <testcase classname="Scenario: Create user without being logged in" name="Scenario: Create user without being logged in" time="0.001">
    <failure message="Expected status code &lt;401&gt; doesn&apos;t match actual status code &lt;200&gt;.
" type="java.lang.AssertionError">java.lang.AssertionError: Expected status code &lt;401&gt; doesn&apos;t match actual status code &lt;200&gt;.

	at sun.reflect.NativeConstructorAccessorImpl.newInstance0(Native Method)
	at sun.reflect.NativeConstructorAccessorImpl.newInstance(NativeConstructorAccessorImpl.java:62)
	at sun.reflect.DelegatingConstructorAccessorImpl.newInstance(DelegatingConstructorAccessorImpl.java:45)
	at java.lang.reflect.Constructor.newInstance(Constructor.java:422)
	at org.codehaus.groovy.reflection.CachedConstructor.invoke(CachedConstructor.java:77)
	at org.codehaus.groovy.runtime.callsite.ConstructorSite$ConstructorSiteNoUnwrapNoCoerce.callConstructor(ConstructorSite.java:102)
	at org.codehaus.groovy.runtime.callsite.CallSiteArray.defaultCallConstructor(CallSiteArray.java:57)
	at org.codehaus.groovy.runtime.callsite.AbstractCallSite.callConstructor(AbstractCallSite.java:182)
	at org.codehaus.groovy.runtime.callsite.AbstractCallSite.callConstructor(AbstractCallSite.java:190)
	at com.jayway.restassured.internal.ResponseSpecificationImpl$HamcrestAssertionClosure.validate(ResponseSpecificationImpl.groovy:553)
	at com.jayway.restassured.internal.ResponseSpecificationImpl$HamcrestAssertionClosure$validate$1.call(Unknown Source)
	at com.jayway.restassured.internal.ResponseSpecificationImpl.validateResponseIfRequired(ResponseSpecificationImpl.groovy:691)
	at com.jayway.restassured.internal.ResponseSpecificationImpl.this$2$validateResponseIfRequired(ResponseSpecificationImpl.groovy)
	at com.jayway.restassured.internal.ResponseSpecificationImpl$this$2$validateResponseIfRequired$1.callCurrent(Unknown Source)
	at com.jayway.restassured.internal.ResponseSpecificationImpl.statusCode(ResponseSpecificationImpl.groovy:105)
	at com.jayway.restassured.specification.ResponseSpecification$statusCode$1.callCurrent(Unknown Source)
	at com.jayway.restassured.internal.ResponseSpecificationImpl.statusCode(ResponseSpecificationImpl.groovy:113)
	at com.jayway.restassured.specification.ResponseSpecification$statusCode$0.call(Unknown Source)
	at com.jayway.restassured.internal.ValidatableResponseImpl.statusCode(ValidatableResponseImpl.groovy:64)
	at features.RESTStepdefs.checkResponseCode(RESTStepdefs.java:54)
	at ✽.Then response code is 401(features/user/create.feature:9)
</failure>
  </testcase>
  <testcase classname="Scenario: Create user without manager role" name="Given database has no users." time="0"/>
  <testcase classname="Scenario: Create user without manager role" name="Given having account stanislav@trifan.com with password &apos;s3cr3t&apos;" time="0.001"/>
  <testcase classname="Scenario: Create user without manager role" name="And login as stanislav@trifan.com with password &apos;s3cr3t&apos;" time="0"/>
  <testcase classname="Scenario: Create user without manager role" name="When request user creation for: john@carter.com with password &quot;an0nymus&quot; as John Carter" time="0"/>
  <testcase classname="Scenario: Create user without manager role" name="Then response code is 401" time="0">
    <failure message="Expected status code &lt;401&gt; doesn&apos;t match actual status code &lt;200&gt;.
" type="java.lang.AssertionError">java.lang.AssertionError: Expected status code &lt;401&gt; doesn&apos;t match actual status code &lt;200&gt;.

	at sun.reflect.NativeConstructorAccessorImpl.newInstance0(Native Method)
	at sun.reflect.NativeConstructorAccessorImpl.newInstance(NativeConstructorAccessorImpl.java:62)
	at sun.reflect.DelegatingConstructorAccessorImpl.newInstance(DelegatingConstructorAccessorImpl.java:45)
	at java.lang.reflect.Constructor.newInstance(Constructor.java:422)
	at org.codehaus.groovy.reflection.CachedConstructor.invoke(CachedConstructor.java:77)
	at org.codehaus.groovy.runtime.callsite.ConstructorSite$ConstructorSiteNoUnwrapNoCoerce.callConstructor(ConstructorSite.java:102)
	at org.codehaus.groovy.runtime.callsite.AbstractCallSite.callConstructor(AbstractCallSite.java:190)
	at com.jayway.restassured.internal.ResponseSpecificationImpl$HamcrestAssertionClosure.validate(ResponseSpecificationImpl.groovy:553)
	at com.jayway.restassured.internal.ResponseSpecificationImpl$HamcrestAssertionClosure$validate$1.call(Unknown Source)
	at com.jayway.restassured.internal.ResponseSpecificationImpl.validateResponseIfRequired(ResponseSpecificationImpl.groovy:691)
	at com.jayway.restassured.internal.ResponseSpecificationImpl.this$2$validateResponseIfRequired(ResponseSpecificationImpl.groovy)
	at com.jayway.restassured.internal.ResponseSpecificationImpl$this$2$validateResponseIfRequired$1.callCurrent(Unknown Source)
	at com.jayway.restassured.internal.ResponseSpecificationImpl.statusCode(ResponseSpecificationImpl.groovy:105)
	at com.jayway.restassured.specification.ResponseSpecification$statusCode$1.callCurrent(Unknown Source)
	at com.jayway.restassured.internal.ResponseSpecificationImpl.statusCode(ResponseSpecificationImpl.groovy:113)
	at com.jayway.restassured.specification.ResponseSpecification$statusCode$0.call(Unknown Source)
	at com.jayway.restassured.internal.ValidatableResponseImpl.statusCode(ValidatableResponseImpl.groovy:64)
	at features.RESTStepdefs.checkResponseCode(RESTStepdefs.java:54)
	at ✽.Then response code is 401(features/user/create.feature:15)
</failure>
  </testcase>
  <testcase classname="Scenario: Create user without manager role" name="Scenario: Create user without manager role" time="0">
    <failure message="Expected status code &lt;401&gt; doesn&apos;t match actual status code &lt;200&gt;.
" type="java.lang.AssertionError">java.lang.AssertionError: Expected status code &lt;401&gt; doesn&apos;t match actual status code &lt;200&gt;.

	at sun.reflect.NativeConstructorAccessorImpl.newInstance0(Native Method)
	at sun.reflect.NativeConstructorAccessorImpl.newInstance(NativeConstructorAccessorImpl.java:62)
	at sun.reflect.DelegatingConstructorAccessorImpl.newInstance(DelegatingConstructorAccessorImpl.java:45)
	at java.lang.reflect.Constructor.newInstance(Constructor.java:422)
	at org.codehaus.groovy.reflection.CachedConstructor.invoke(CachedConstructor.java:77)
	at org.codehaus.groovy.runtime.callsite.ConstructorSite$ConstructorSiteNoUnwrapNoCoerce.callConstructor(ConstructorSite.java:102)
	at org.codehaus.groovy.runtime.callsite.AbstractCallSite.callConstructor(AbstractCallSite.java:190)
	at com.jayway.restassured.internal.ResponseSpecificationImpl$HamcrestAssertionClosure.validate(ResponseSpecificationImpl.groovy:553)
	at com.jayway.restassured.internal.ResponseSpecificationImpl$HamcrestAssertionClosure$validate$1.call(Unknown Source)
	at com.jayway.restassured.internal.ResponseSpecificationImpl.validateResponseIfRequired(ResponseSpecificationImpl.groovy:691)
	at com.jayway.restassured.internal.ResponseSpecificationImpl.this$2$validateResponseIfRequired(ResponseSpecificationImpl.groovy)
	at com.jayway.restassured.internal.ResponseSpecificationImpl$this$2$validateResponseIfRequired$1.callCurrent(Unknown Source)
	at com.jayway.restassured.internal.ResponseSpecificationImpl.statusCode(ResponseSpecificationImpl.groovy:105)
	at com.jayway.restassured.specification.ResponseSpecification$statusCode$1.callCurrent(Unknown Source)
	at com.jayway.restassured.internal.ResponseSpecificationImpl.statusCode(ResponseSpecificationImpl.groovy:113)
	at com.jayway.restassured.specification.ResponseSpecification$statusCode$0.call(Unknown Source)
	at com.jayway.restassured.internal.ValidatableResponseImpl.statusCode(ValidatableResponseImpl.groovy:64)
	at features.RESTStepdefs.checkResponseCode(RESTStepdefs.java:54)
	at ✽.Then response code is 401(features/user/create.feature:15)
</failure>
  </testcase>
  <testcase classname="Scenario: Create user with manager role" name="Given database has no users." time="0.001"/>
  <testcase classname="Scenario: Create user with manager role" name="Given having account stanislav@trifan.com with password &apos;s3cr3t&apos;" time="0.001"/>
  <testcase classname="Scenario: Create user with manager role" name="And login as stanislav@trifan.com with password &apos;s3cr3t&apos;" time="0"/>
  <testcase classname="Scenario: Create user with manager role" name="And stanislav@trifan.com has manager role" time="0.001">
    <error message="Not implemented role functionality" type="org.apache.commons.lang3.NotImplementedException">org.apache.commons.lang3.NotImplementedException: Not implemented role functionality
	at com.github.cybortronik.registry.service.UserServiceImpl.addRoleToUser(UserServiceImpl.java:63)
	at features.DatabaseStepdefs.addUserRole(DatabaseStepdefs.java:36)
	at ✽.And stanislav@trifan.com has manager role(features/user/create.feature:20)
</error>
  </testcase>
  <testcase classname="Scenario: Create user with manager role" name="Scenario: Create user with manager role" time="0.001">
    <error message="Not implemented role functionality" type="org.apache.commons.lang3.NotImplementedException">org.apache.commons.lang3.NotImplementedException: Not implemented role functionality
	at com.github.cybortronik.registry.service.UserServiceImpl.addRoleToUser(UserServiceImpl.java:63)
	at features.DatabaseStepdefs.addUserRole(DatabaseStepdefs.java:36)
	at ✽.And stanislav@trifan.com has manager role(features/user/create.feature:20)
</error>
  </testcase>
  <testcase classname="Scenario: Create user with manager role" name="When request user creation for: john@carter.com with password &quot;an0nymus&quot; as John Carter" time="0.002">
    <skipped/>
  </testcase>
  <testcase classname="Scenario: Create user with manager role" name="Then response code is 200" time="0.002">
    <skipped/>
  </testcase>
  <testcase classname="Scenario: Create user with manager role" name="And response contains: &quot;displayName&quot;:&quot;John Carter&quot;" time="0.002">
    <skipped/>
  </testcase>
</testsuite>