<?xml version="1.0" encoding="UTF-8" ?>
<testsuite tests="37" failures="6" name="features.FeaturesRunner" time="0.02" errors="2" skipped="3">
  <properties>
[...]
</properties>
  <testcase classname="Scenario: Invalid credentials" name="Given database has no users." time="0"/>
  <testcase classname="Scenario: Invalid credentials" name="When login as stanislav@trifan.com with password &apos;s3cr3t&apos;" time="0"/>
  <testcase classname="Scenario: Invalid credentials" name="Then response code is 401" time="0"/>
  <testcase classname="Scenario: Invalid credentials" name="Scenario: Invalid credentials" time="0.001"/>
  <testcase classname="Scenario: Existing account" name="Given database has no users." time="0"/>
  <testcase classname="Scenario: Existing account" name="Given having account stanislav@trifan.com with password &apos;s3cr3t&apos;" time="0"/>
  <testcase classname="Scenario: Existing account" name="When login as stanislav@trifan.com with password &apos;s3cr3t&apos;" time="0"/>
  <testcase classname="Scenario: Existing account" name="Then response code is 200" time="0"/>
  <testcase classname="Scenario: Existing account" name="And response contains: jwt" time="0"/>
  <testcase classname="Scenario: Existing account" name="Scenario: Existing account" time="0.001"/>
  <testcase classname="Scenario: JWT content" name="Given database has no users." time="0"/>
  <testcase classname="Scenario: JWT content" name="Given having account stanislav@trifan.com with password &apos;s3cr3t&apos;" time="0"/>
  <testcase classname="Scenario: JWT content" name="When login as stanislav@trifan.com with password &apos;s3cr3t&apos;" time="0"/>
  <testcase classname="Scenario: JWT content" name="Then response code is 200" time="0"/>
  <testcase classname="Scenario: JWT content" name="And response contains: jwt" time="0"/>
  <testcase classname="Scenario: JWT content" name="When extract JWT details" time="0"/>
  <testcase classname="Scenario: JWT content" name="Then JWT email is stanislav@trifan.com" time="0"/>
  <testcase classname="Scenario: JWT content" name="And JWT contains role USER" time="0.003">
    <failure message="User doesn&apos;t have the role: USER" type="java.lang.AssertionError">java.lang.AssertionError: User doesn&apos;t have the role: USER
	at org.junit.Assert.fail(Assert.java:88)
	at org.junit.Assert.assertTrue(Assert.java:41)
	at features.RESTStepdefs.checkJwtRole(RESTStepdefs.java:71)
	at ✽.And JWT contains role USER(features/login.feature:25)
</failure>
  </testcase>
  <testcase classname="Scenario: JWT content" name="Scenario: JWT content" time="0.003">
    <failure message="User doesn&apos;t have the role: USER" type="java.lang.AssertionError">java.lang.AssertionError: User doesn&apos;t have the role: USER
	at org.junit.Assert.fail(Assert.java:88)
	at org.junit.Assert.assertTrue(Assert.java:41)
	at features.RESTStepdefs.checkJwtRole(RESTStepdefs.java:71)
	at ✽.And JWT contains role USER(features/login.feature:25)
</failure>
  </testcase>
  <testcase classname="Scenario: Create user without being logged in" name="Given database has no users." time="0"/>
  <testcase classname="Scenario: Create user without being logged in" name="When request user creation for: john@carter.com with password &quot;an0nymus&quot; as John Carter" time="0"/>
  <testcase classname="Scenario: Create user without being logged in" name="Then response code is 401" time="0">
    <failure message="Expected status code &lt;401&gt; doesn&apos;t match actual status code &lt;200&gt;.
" type="java.lang.AssertionError">java.lang.AssertionError: Expected status code &lt;401&gt; doesn&apos;t match actual status code &lt;200&gt;.

	at sun.reflect.NativeConstructorAccessorImpl.newInstance0(Native Method)
	at sun.reflect.NativeConstructorAccessorImpl.newInstance(NativeConstructorAccessorImpl.java:62)
	at sun.reflect.DelegatingConstructorAccessorImpl.newInstance(DelegatingConstructorAccessorImpl.java:45)
	at java.lang.reflect.Constructor.newInstance(Constructor.java:422)
	at org.codehaus.groovy.reflection.CachedConstructor.invoke(CachedConstructor.java:77)
	at org.codehaus.groovy.runtime.callsite.ConstructorSite$ConstructorSiteNoUnwrapNoCoerce.callConstructor(ConstructorSite.java:102)
	at org.codehaus.groovy.runtime.callsite.CallSiteArray.defaultCallConstructor(CallSiteArray.java:57)
	at org.codehaus.groovy.runtime.callsite.AbstractCallSite.callConstructor(AbstractCallSite.java:182)
	at org.codehaus.groovy.runtime.callsite.AbstractCallSite.callConstructor(AbstractCallSite.java:190)
	at com.jayway.restassured.internal.ResponseSpecificationImpl$HamcrestAssertionClosure.validate(ResponseSpecificationImpl.groovy:553)
	at com.jayway.restassured.internal.ResponseSpecificationImpl$HamcrestAssertionClosure$validate$1.call(Unknown Source)
	at com.jayway.restassured.internal.ResponseSpecificationImpl.validateResponseIfRequired(ResponseSpecificationImpl.groovy:691)
	at com.jayway.restassured.internal.ResponseSpecificationImpl.this$2$validateResponseIfRequired(ResponseSpecificationImpl.groovy)
	at com.jayway.restassured.internal.ResponseSpecificationImpl$this$2$validateResponseIfRequired$1.callCurrent(Unknown Source)
	at com.jayway.restassured.internal.ResponseSpecificationImpl.statusCode(ResponseSpecificationImpl.groovy:105)
	at com.jayway.restassured.specification.ResponseSpecification$statusCode$1.callCurrent(Unknown Source)
	at com.jayway.restassured.internal.ResponseSpecificationImpl.statusCode(ResponseSpecificationImpl.groovy:113)
	at com.jayway.restassured.specification.ResponseSpecification$statusCode$0.call(Unknown Source)
	at com.jayway.restassured.internal.ValidatableResponseImpl.statusCode(ValidatableResponseImpl.groovy:64)
	at features.RESTStepdefs.checkResponseCode(RESTStepdefs.java:54)
	at ✽.Then response code is 401(features/user/create.feature:9)
</failure>
  </testcase>
  <testcase classname="Scenario: Create user without being logged in" name="Scenario: Create user without being logged in" time="0.001">
    <failure message="Expected status code &lt;401&gt; doesn&apos;t match actual status code &lt;200&gt;.
" type="java.lang.AssertionError">java.lang.AssertionError: Expected status code &lt;401&gt; doesn&apos;t match actual status code &lt;200&gt;.

	at sun.reflect.NativeConstructorAccessorImpl.newInstance0(Native Method)
	at sun.reflect.NativeConstructorAccessorImpl.newInstance(NativeConstructorAccessorImpl.java:62)
	at sun.reflect.DelegatingConstructorAccessorImpl.newInstance(DelegatingConstructorAccessorImpl.java:45)
	at java.lang.reflect.Constructor.newInstance(Constructor.java:422)
	at org.codehaus.groovy.reflection.CachedConstructor.invoke(CachedConstructor.java:77)
	at org.codehaus.groovy.runtime.callsite.ConstructorSite$ConstructorSiteNoUnwrapNoCoerce.callConstructor(ConstructorSite.java:102)
	at org.codehaus.groovy.runtime.callsite.CallSiteArray.defaultCallConstructor(CallSiteArray.java:57)
	at org.codehaus.groovy.runtime.callsite.AbstractCallSite.callConstructor(AbstractCallSite.java:182)
	at org.codehaus.groovy.runtime.callsite.AbstractCallSite.callConstructor(AbstractCallSite.java:190)
	at com.jayway.restassured.internal.ResponseSpecificationImpl$HamcrestAssertionClosure.validate(ResponseSpecificationImpl.groovy:553)
	at com.jayway.restassured.internal.ResponseSpecificationImpl$HamcrestAssertionClosure$validate$1.call(Unknown Source)
	at com.jayway.restassured.internal.ResponseSpecificationImpl.validateResponseIfRequired(ResponseSpecificationImpl.groovy:691)
	at com.jayway.restassured.internal.ResponseSpecificationImpl.this$2$validateResponseIfRequired(ResponseSpecificationImpl.groovy)
	at com.jayway.restassured.internal.ResponseSpecificationImpl$this$2$validateResponseIfRequired$1.callCurrent(Unknown Source)
	at com.jayway.restassured.internal.ResponseSpecificationImpl.statusCode(ResponseSpecificationImpl.groovy:105)
	at com.jayway.restassured.specification.ResponseSpecification$statusCode$1.callCurrent(Unknown Source)
	at com.jayway.restassured.internal.ResponseSpecificationImpl.statusCode(ResponseSpecificationImpl.groovy:113)
	at com.jayway.restassured.specification.ResponseSpecification$statusCode$0.call(Unknown Source)
	at com.jayway.restassured.internal.ValidatableResponseImpl.statusCode(ValidatableResponseImpl.groovy:64)
	at features.RESTStepdefs.checkResponseCode(RESTStepdefs.java:54)
	at ✽.Then response code is 401(features/user/create.feature:9)
</failure>
  </testcase>
  <testcase classname="Scenario: Create user without manager role" name="Given database has no users." time="0"/>
  <testcase classname="Scenario: Create user without manager role" name="Given having account stanislav@trifan.com with password &apos;s3cr3t&apos;" time="0.001"/>
  <testcase classname="Scenario: Create user without manager role" name="And login as stanislav@trifan.com with password &apos;s3cr3t&apos;" time="0"/>
  <testcase classname="Scenario: Create user without manager role" name="When request user creation for: john@carter.com with password &quot;an0nymus&quot; as John Carter" time="0"/>
  <testcase classname="Scenario: Create user without manager role" name="Then response code is 401" time="0">
    <failure message="Expected status code &lt;401&gt; doesn&apos;t match actual status code &lt;200&gt;.
" type="java.lang.AssertionError">java.lang.AssertionError: Expected status code &lt;401&gt; doesn&apos;t match actual status code &lt;200&gt;.

	at sun.reflect.NativeConstructorAccessorImpl.newInstance0(Native Method)
	at sun.reflect.NativeConstructorAccessorImpl.newInstance(NativeConstructorAccessorImpl.java:62)
	at sun.reflect.DelegatingConstructorAccessorImpl.newInstance(DelegatingConstructorAccessorImpl.java:45)
	at java.lang.reflect.Constructor.newInstance(Constructor.java:422)
	at org.codehaus.groovy.reflection.CachedConstructor.invoke(CachedConstructor.java:77)
	at org.codehaus.groovy.runtime.callsite.ConstructorSite$ConstructorSiteNoUnwrapNoCoerce.callConstructor(ConstructorSite.java:102)
	at org.codehaus.groovy.runtime.callsite.AbstractCallSite.callConstructor(AbstractCallSite.java:190)
	at com.jayway.restassured.internal.ResponseSpecificationImpl$HamcrestAssertionClosure.validate(ResponseSpecificationImpl.groovy:553)
	at com.jayway.restassured.internal.ResponseSpecificationImpl$HamcrestAssertionClosure$validate$1.call(Unknown Source)
	at com.jayway.restassured.internal.ResponseSpecificationImpl.validateResponseIfRequired(ResponseSpecificationImpl.groovy:691)
	at com.jayway.restassured.internal.ResponseSpecificationImpl.this$2$validateResponseIfRequired(ResponseSpecificationImpl.groovy)
	at com.jayway.restassured.internal.ResponseSpecificationImpl$this$2$validateResponseIfRequired$1.callCurrent(Unknown Source)
	at com.jayway.restassured.internal.ResponseSpecificationImpl.statusCode(ResponseSpecificationImpl.groovy:105)
	at com.jayway.restassured.specification.ResponseSpecification$statusCode$1.callCurrent(Unknown Source)
	at com.jayway.restassured.internal.ResponseSpecificationImpl.statusCode(ResponseSpecificationImpl.groovy:113)
	at com.jayway.restassured.specification.ResponseSpecification$statusCode$0.call(Unknown Source)
	at com.jayway.restassured.internal.ValidatableResponseImpl.statusCode(ValidatableResponseImpl.groovy:64)
	at features.RESTStepdefs.checkResponseCode(RESTStepdefs.java:54)
	at ✽.Then response code is 401(features/user/create.feature:15)
</failure>
  </testcase>
  <testcase classname="Scenario: Create user without manager role" name="Scenario: Create user without manager role" time="0">
    <failure message="Expected status code &lt;401&gt; doesn&apos;t match actual status code &lt;200&gt;.
" type="java.lang.AssertionError">java.lang.AssertionError: Expected status code &lt;401&gt; doesn&apos;t match actual status code &lt;200&gt;.

	at sun.reflect.NativeConstructorAccessorImpl.newInstance0(Native Method)
	at sun.reflect.NativeConstructorAccessorImpl.newInstance(NativeConstructorAccessorImpl.java:62)
	at sun.reflect.DelegatingConstructorAccessorImpl.newInstance(DelegatingConstructorAccessorImpl.java:45)
	at java.lang.reflect.Constructor.newInstance(Constructor.java:422)
	at org.codehaus.groovy.reflection.CachedConstructor.invoke(CachedConstructor.java:77)
	at org.codehaus.groovy.runtime.callsite.ConstructorSite$ConstructorSiteNoUnwrapNoCoerce.callConstructor(ConstructorSite.java:102)
	at org.codehaus.groovy.runtime.callsite.AbstractCallSite.callConstructor(AbstractCallSite.java:190)
	at com.jayway.restassured.internal.ResponseSpecificationImpl$HamcrestAssertionClosure.validate(ResponseSpecificationImpl.groovy:553)
	at com.jayway.restassured.internal.ResponseSpecificationImpl$HamcrestAssertionClosure$validate$1.call(Unknown Source)
	at com.jayway.restassured.internal.ResponseSpecificationImpl.validateResponseIfRequired(ResponseSpecificationImpl.groovy:691)
	at com.jayway.restassured.internal.ResponseSpecificationImpl.this$2$validateResponseIfRequired(ResponseSpecificationImpl.groovy)
	at com.jayway.restassured.internal.ResponseSpecificationImpl$this$2$validateResponseIfRequired$1.callCurrent(Unknown Source)
	at com.jayway.restassured.internal.ResponseSpecificationImpl.statusCode(ResponseSpecificationImpl.groovy:105)
	at com.jayway.restassured.specification.ResponseSpecification$statusCode$1.callCurrent(Unknown Source)
	at com.jayway.restassured.internal.ResponseSpecificationImpl.statusCode(ResponseSpecificationImpl.groovy:113)
	at com.jayway.restassured.specification.ResponseSpecification$statusCode$0.call(Unknown Source)
	at com.jayway.restassured.internal.ValidatableResponseImpl.statusCode(ValidatableResponseImpl.groovy:64)
	at features.RESTStepdefs.checkResponseCode(RESTStepdefs.java:54)
	at ✽.Then response code is 401(features/user/create.feature:15)
</failure>
  </testcase>
  <testcase classname="Scenario: Create user with manager role" name="Given database has no users." time="0.001"/>
  <testcase classname="Scenario: Create user with manager role" name="Given having account stanislav@trifan.com with password &apos;s3cr3t&apos;" time="0.001"/>
  <testcase classname="Scenario: Create user with manager role" name="And login as stanislav@trifan.com with password &apos;s3cr3t&apos;" time="0"/>
  <testcase classname="Scenario: Create user with manager role" name="And stanislav@trifan.com has manager role" time="0.001">
    <error message="Not implemented role functionality" type="org.apache.commons.lang3.NotImplementedException">org.apache.commons.lang3.NotImplementedException: Not implemented role functionality
	at com.github.cybortronik.registry.service.UserServiceImpl.addRoleToUser(UserServiceImpl.java:63)
	at features.DatabaseStepdefs.addUserRole(DatabaseStepdefs.java:36)
	at ✽.And stanislav@trifan.com has manager role(features/user/create.feature:20)
</error>
  </testcase>
  <testcase classname="Scenario: Create user with manager role" name="Scenario: Create user with manager role" time="0.001">
    <error message="Not implemented role functionality" type="org.apache.commons.lang3.NotImplementedException">org.apache.commons.lang3.NotImplementedException: Not implemented role functionality
	at com.github.cybortronik.registry.service.UserServiceImpl.addRoleToUser(UserServiceImpl.java:63)
	at features.DatabaseStepdefs.addUserRole(DatabaseStepdefs.java:36)
	at ✽.And stanislav@trifan.com has manager role(features/user/create.feature:20)
</error>
  </testcase>
  <testcase classname="Scenario: Create user with manager role" name="When request user creation for: john@carter.com with password &quot;an0nymus&quot; as John Carter" time="0.002">
    <skipped/>
  </testcase>
  <testcase classname="Scenario: Create user with manager role" name="Then response code is 200" time="0.002">
    <skipped/>
  </testcase>
  <testcase classname="Scenario: Create user with manager role" name="And response contains: &quot;displayName&quot;:&quot;John Carter&quot;" time="0.002">
    <skipped/>
  </testcase>
</testsuite>