<?xml version="1.0" encoding="UTF-8" ?>
<testsuite tests="78" failures="4" name="features.FeaturesRunner" time="0.025" errors="0" skipped="1">
  <properties>
[...]
</properties>
  <testcase classname="Scenario: List companies" name="Given no any company" time="0.001"/>
  <testcase classname="Scenario: List companies" name="When list companies" time="0"/>
  <testcase classname="Scenario: List companies" name="Then response code is 200" time="0"/>
  <testcase classname="Scenario: List companies" name="And result list is empty" time="0.003">
    <failure message="Current result doesn&apos;t contain requested text. Check please result: null" type="java.lang.AssertionError">java.lang.AssertionError: Current result doesn&apos;t contain requested text. Check please result: null
	at org.junit.Assert.fail(Assert.java:88)
	at org.junit.Assert.assertTrue(Assert.java:41)
	at features.RESTStepdefs.responseContains(RESTStepdefs.java:57)
	at features.RESTStepdefs.checkEmptyListResponse(RESTStepdefs.java:101)
	at ✽.And result list is empty(features/company.feature:9)
</failure>
  </testcase>
  <testcase classname="Scenario: List companies" name="Scenario: List companies" time="0.004">
    <failure message="Current result doesn&apos;t contain requested text. Check please result: null" type="java.lang.AssertionError">java.lang.AssertionError: Current result doesn&apos;t contain requested text. Check please result: null
	at org.junit.Assert.fail(Assert.java:88)
	at org.junit.Assert.assertTrue(Assert.java:41)
	at features.RESTStepdefs.responseContains(RESTStepdefs.java:57)
	at features.RESTStepdefs.checkEmptyListResponse(RESTStepdefs.java:101)
	at ✽.And result list is empty(features/company.feature:9)
</failure>
  </testcase>
  <testcase classname="Scenario: Invalid credentials" name="Given database has no users." time="0"/>
  <testcase classname="Scenario: Invalid credentials" name="When login as stanislav@trifan.com with password &apos;s3cr3t&apos;" time="0"/>
  <testcase classname="Scenario: Invalid credentials" name="Then response code is 401" time="0"/>
  <testcase classname="Scenario: Invalid credentials" name="Scenario: Invalid credentials" time="0"/>
  <testcase classname="Scenario: Existing account" name="Given database has no users." time="0"/>
  <testcase classname="Scenario: Existing account" name="Given having account stanislav@trifan.com with password &apos;s3cr3t&apos;" time="0"/>
  <testcase classname="Scenario: Existing account" name="When login as stanislav@trifan.com with password &apos;s3cr3t&apos;" time="0"/>
  <testcase classname="Scenario: Existing account" name="Then response code is 200" time="0"/>
  <testcase classname="Scenario: Existing account" name="And response contains: jwt" time="0"/>
  <testcase classname="Scenario: Existing account" name="Scenario: Existing account" time="0"/>
  <testcase classname="Scenario: JWT content" name="Given database has no users." time="0"/>
  <testcase classname="Scenario: JWT content" name="Given having account stanislav@trifan.com with password &apos;s3cr3t&apos;" time="0"/>
  <testcase classname="Scenario: JWT content" name="When login as stanislav@trifan.com with password &apos;s3cr3t&apos;" time="0"/>
  <testcase classname="Scenario: JWT content" name="Then response code is 200" time="0"/>
  <testcase classname="Scenario: JWT content" name="And response contains: jwt" time="0"/>
  <testcase classname="Scenario: JWT content" name="When extract JWT details" time="0"/>
  <testcase classname="Scenario: JWT content" name="Then JWT email is stanislav@trifan.com" time="0"/>
  <testcase classname="Scenario: JWT content" name="And JWT contains role USER" time="0"/>
  <testcase classname="Scenario: JWT content" name="Scenario: JWT content" time="0.001"/>
  <testcase classname="Scenario: List no roles" name="Given no roles in database." time="0"/>
  <testcase classname="Scenario: List no roles" name="When get /roles" time="0"/>
  <testcase classname="Scenario: List no roles" name="Then response code is 200" time="0"/>
  <testcase classname="Scenario: List no roles" name="And result list is empty" time="0"/>
  <testcase classname="Scenario: List no roles" name="Scenario: List no roles" time="0"/>
  <testcase classname="Scenario: List one role" name="Given no roles in database." time="0"/>
  <testcase classname="Scenario: List one role" name="Given created ADMIN role" time="0"/>
  <testcase classname="Scenario: List one role" name="When get /roles" time="0"/>
  <testcase classname="Scenario: List one role" name="Then response code is 200" time="0"/>
  <testcase classname="Scenario: List one role" name="And response contains: &quot;name&quot;:&quot;ADMIN&quot;" time="0"/>
  <testcase classname="Scenario: List one role" name="Scenario: List one role" time="0.001"/>
  <testcase classname="Scenario: List deleted role" name="Given no roles in database." time="0"/>
  <testcase classname="Scenario: List deleted role" name="Given created ADMIN role" time="0"/>
  <testcase classname="Scenario: List deleted role" name="And deleted ADMIN role" time="0"/>
  <testcase classname="Scenario: List deleted role" name="When get /roles" time="0"/>
  <testcase classname="Scenario: List deleted role" name="Then response code is 200" time="0.002"/>
  <testcase classname="Scenario: List deleted role" name="And result list is empty" time="0.001"/>
  <testcase classname="Scenario: List deleted role" name="And exists 1 roles in database" time="0"/>
  <testcase classname="Scenario: List deleted role" name="Scenario: List deleted role" time="0.001"/>
  <testcase classname="Scenario: Create role" name="Given no roles in database." time="0"/>
  <testcase classname="Scenario: Create role" name="When put /roles with { name: &quot;ADMIN&quot; }" time="0"/>
  <testcase classname="Scenario: Create role" name="Then response code is 200" time="0"/>
  <testcase classname="Scenario: Create role" name="And exists 1 roles in database" time="0"/>
  <testcase classname="Scenario: Create role" name="Scenario: Create role" time="0"/>
  <testcase classname="Scenario: Delete role" name="Given no roles in database." time="0"/>
  <testcase classname="Scenario: Delete role" name="Given created ADMIN role" time="0"/>
  <testcase classname="Scenario: Delete role" name="When delete /roles/ADMIN" time="0"/>
  <testcase classname="Scenario: Delete role" name="Then response code is 204" time="0"/>
  <testcase classname="Scenario: Delete role" name="And exists 1 roles in database" time="0.001"/>
  <testcase classname="Scenario: Delete role" name="When get /roles" time="0"/>
  <testcase classname="Scenario: Delete role" name="Then response code is 200" time="0"/>
  <testcase classname="Scenario: Delete role" name="And result list is empty" time="0.002"/>
  <testcase classname="Scenario: Delete role" name="Scenario: Delete role" time="0.002"/>
  <testcase classname="Scenario: Create user without being logged in" name="Given database has no users." time="0"/>
  <testcase classname="Scenario: Create user without being logged in" name="And clear received JWT" time="0"/>
  <testcase classname="Scenario: Create user without being logged in" name="When request user creation for: john@carter.com with password &quot;an0nymus&quot; as John Carter" time="0"/>
  <testcase classname="Scenario: Create user without being logged in" name="Then response code is 401" time="0"/>
  <testcase classname="Scenario: Create user without being logged in" name="Scenario: Create user without being logged in" time="0"/>
  <testcase classname="Scenario: Create user without manager role" name="Given database has no users." time="0"/>
  <testcase classname="Scenario: Create user without manager role" name="And clear received JWT" time="0"/>
  <testcase classname="Scenario: Create user without manager role" name="Given having account stanislav@trifan.com with password &apos;s3cr3t&apos;" time="0.001"/>
  <testcase classname="Scenario: Create user without manager role" name="And login as stanislav@trifan.com with password &apos;s3cr3t&apos;" time="0"/>
  <testcase classname="Scenario: Create user without manager role" name="When request user creation for: john@carter.com with password &quot;an0nymus&quot; as John Carter" time="0"/>
  <testcase classname="Scenario: Create user without manager role" name="Then response code is 401" time="0"/>
  <testcase classname="Scenario: Create user without manager role" name="Scenario: Create user without manager role" time="0.001"/>
  <testcase classname="Scenario: Create user with manager role" name="Given database has no users." time="0"/>
  <testcase classname="Scenario: Create user with manager role" name="And clear received JWT" time="0"/>
  <testcase classname="Scenario: Create user with manager role" name="Given having account stanislav@trifan.com with password &apos;s3cr3t&apos;" time="0"/>
  <testcase classname="Scenario: Create user with manager role" name="And login as stanislav@trifan.com with password &apos;s3cr3t&apos;" time="0"/>
  <testcase classname="Scenario: Create user with manager role" name="And stanislav@trifan.com has MANAGER role" time="0"/>
  <testcase classname="Scenario: Create user with manager role" name="When request user creation for: john@carter.com with password &quot;an0nymus&quot; as John Carter" time="0"/>
  <testcase classname="Scenario: Create user with manager role" name="Then response code is 200" time="0.001">
    <failure message="Expected status code &lt;200&gt; doesn&apos;t match actual status code &lt;401&gt;.
" type="java.lang.AssertionError">java.lang.AssertionError: Expected status code &lt;200&gt; doesn&apos;t match actual status code &lt;401&gt;.

	at sun.reflect.NativeConstructorAccessorImpl.newInstance0(Native Method)
	at sun.reflect.NativeConstructorAccessorImpl.newInstance(NativeConstructorAccessorImpl.java:62)
	at sun.reflect.DelegatingConstructorAccessorImpl.newInstance(DelegatingConstructorAccessorImpl.java:45)
	at java.lang.reflect.Constructor.newInstance(Constructor.java:422)
	at org.codehaus.groovy.reflection.CachedConstructor.invoke(CachedConstructor.java:77)
	at org.codehaus.groovy.runtime.callsite.ConstructorSite$ConstructorSiteNoUnwrapNoCoerce.callConstructor(ConstructorSite.java:102)
	at org.codehaus.groovy.runtime.callsite.CallSiteArray.defaultCallConstructor(CallSiteArray.java:57)
	at org.codehaus.groovy.runtime.callsite.AbstractCallSite.callConstructor(AbstractCallSite.java:182)
	at org.codehaus.groovy.runtime.callsite.AbstractCallSite.callConstructor(AbstractCallSite.java:190)
	at com.jayway.restassured.internal.ResponseSpecificationImpl$HamcrestAssertionClosure.validate(ResponseSpecificationImpl.groovy:553)
	at com.jayway.restassured.internal.ResponseSpecificationImpl$HamcrestAssertionClosure$validate$1.call(Unknown Source)
	at com.jayway.restassured.internal.ResponseSpecificationImpl.validateResponseIfRequired(ResponseSpecificationImpl.groovy:691)
	at com.jayway.restassured.internal.ResponseSpecificationImpl.this$2$validateResponseIfRequired(ResponseSpecificationImpl.groovy)
	at com.jayway.restassured.internal.ResponseSpecificationImpl$this$2$validateResponseIfRequired$1.callCurrent(Unknown Source)
	at com.jayway.restassured.internal.ResponseSpecificationImpl.statusCode(ResponseSpecificationImpl.groovy:105)
	at com.jayway.restassured.specification.ResponseSpecification$statusCode$1.callCurrent(Unknown Source)
	at com.jayway.restassured.internal.ResponseSpecificationImpl.statusCode(ResponseSpecificationImpl.groovy:113)
	at com.jayway.restassured.specification.ResponseSpecification$statusCode$0.call(Unknown Source)
	at com.jayway.restassured.internal.ValidatableResponseImpl.statusCode(ValidatableResponseImpl.groovy:64)
	at features.RESTStepdefs.checkResponseCode(RESTStepdefs.java:68)
	at ✽.Then response code is 200(features/user/create.feature:23)
</failure>
  </testcase>
  <testcase classname="Scenario: Create user with manager role" name="Scenario: Create user with manager role" time="0.001">
    <failure message="Expected status code &lt;200&gt; doesn&apos;t match actual status code &lt;401&gt;.
" type="java.lang.AssertionError">java.lang.AssertionError: Expected status code &lt;200&gt; doesn&apos;t match actual status code &lt;401&gt;.

	at sun.reflect.NativeConstructorAccessorImpl.newInstance0(Native Method)
	at sun.reflect.NativeConstructorAccessorImpl.newInstance(NativeConstructorAccessorImpl.java:62)
	at sun.reflect.DelegatingConstructorAccessorImpl.newInstance(DelegatingConstructorAccessorImpl.java:45)
	at java.lang.reflect.Constructor.newInstance(Constructor.java:422)
	at org.codehaus.groovy.reflection.CachedConstructor.invoke(CachedConstructor.java:77)
	at org.codehaus.groovy.runtime.callsite.ConstructorSite$ConstructorSiteNoUnwrapNoCoerce.callConstructor(ConstructorSite.java:102)
	at org.codehaus.groovy.runtime.callsite.CallSiteArray.defaultCallConstructor(CallSiteArray.java:57)
	at org.codehaus.groovy.runtime.callsite.AbstractCallSite.callConstructor(AbstractCallSite.java:182)
	at org.codehaus.groovy.runtime.callsite.AbstractCallSite.callConstructor(AbstractCallSite.java:190)
	at com.jayway.restassured.internal.ResponseSpecificationImpl$HamcrestAssertionClosure.validate(ResponseSpecificationImpl.groovy:553)
	at com.jayway.restassured.internal.ResponseSpecificationImpl$HamcrestAssertionClosure$validate$1.call(Unknown Source)
	at com.jayway.restassured.internal.ResponseSpecificationImpl.validateResponseIfRequired(ResponseSpecificationImpl.groovy:691)
	at com.jayway.restassured.internal.ResponseSpecificationImpl.this$2$validateResponseIfRequired(ResponseSpecificationImpl.groovy)
	at com.jayway.restassured.internal.ResponseSpecificationImpl$this$2$validateResponseIfRequired$1.callCurrent(Unknown Source)
	at com.jayway.restassured.internal.ResponseSpecificationImpl.statusCode(ResponseSpecificationImpl.groovy:105)
	at com.jayway.restassured.specification.ResponseSpecification$statusCode$1.callCurrent(Unknown Source)
	at com.jayway.restassured.internal.ResponseSpecificationImpl.statusCode(ResponseSpecificationImpl.groovy:113)
	at com.jayway.restassured.specification.ResponseSpecification$statusCode$0.call(Unknown Source)
	at com.jayway.restassured.internal.ValidatableResponseImpl.statusCode(ValidatableResponseImpl.groovy:64)
	at features.RESTStepdefs.checkResponseCode(RESTStepdefs.java:68)
	at ✽.Then response code is 200(features/user/create.feature:23)
</failure>
  </testcase>
  <testcase classname="Scenario: Create user with manager role" name="And response contains: &quot;displayName&quot;:&quot;John Carter&quot;" time="0.002">
    <skipped/>
  </testcase>
</testsuite>