<?xml version="1.0" encoding="UTF-8" ?>
<testsuite tests="44" failures="4" name="features.FeaturesRunner" time="0.021" errors="4" skipped="3">
  <properties>
[...]
</properties>
  <testcase classname="Scenario: List companies" name="Given no any company" time="0.001"/>
  <testcase classname="Scenario: List companies" name="When list companies" time="0"/>
  <testcase classname="Scenario: List companies" name="Then response code is 200" time="0"/>
  <testcase classname="Scenario: List companies" name="And result list is empty" time="0.003">
    <failure message="Current result doesn&apos;t contain requested text. Check please result: null" type="java.lang.AssertionError">java.lang.AssertionError: Current result doesn&apos;t contain requested text. Check please result: null
	at org.junit.Assert.fail(Assert.java:88)
	at org.junit.Assert.assertTrue(Assert.java:41)
	at features.RESTStepdefs.responseContains(RESTStepdefs.java:43)
	at features.RESTStepdefs.checkEmptyListResponse(RESTStepdefs.java:87)
	at ✽.And result list is empty(features/company.feature:9)
</failure>
  </testcase>
  <testcase classname="Scenario: List companies" name="Scenario: List companies" time="0.003">
    <failure message="Current result doesn&apos;t contain requested text. Check please result: null" type="java.lang.AssertionError">java.lang.AssertionError: Current result doesn&apos;t contain requested text. Check please result: null
	at org.junit.Assert.fail(Assert.java:88)
	at org.junit.Assert.assertTrue(Assert.java:41)
	at features.RESTStepdefs.responseContains(RESTStepdefs.java:43)
	at features.RESTStepdefs.checkEmptyListResponse(RESTStepdefs.java:87)
	at ✽.And result list is empty(features/company.feature:9)
</failure>
  </testcase>
  <testcase classname="Scenario: Invalid credentials" name="Given database has no users." time="0"/>
  <testcase classname="Scenario: Invalid credentials" name="When login as stanislav@trifan.com with password &apos;s3cr3t&apos;" time="0"/>
  <testcase classname="Scenario: Invalid credentials" name="Then response code is 401" time="0.001"/>
  <testcase classname="Scenario: Invalid credentials" name="Scenario: Invalid credentials" time="0.001"/>
  <testcase classname="Scenario: Existing account" name="Given database has no users." time="0"/>
  <testcase classname="Scenario: Existing account" name="Given having account stanislav@trifan.com with password &apos;s3cr3t&apos;" time="0"/>
  <testcase classname="Scenario: Existing account" name="When login as stanislav@trifan.com with password &apos;s3cr3t&apos;" time="0"/>
  <testcase classname="Scenario: Existing account" name="Then response code is 200" time="0"/>
  <testcase classname="Scenario: Existing account" name="And response contains: jwt" time="0"/>
  <testcase classname="Scenario: Existing account" name="Scenario: Existing account" time="0.001"/>
  <testcase classname="Scenario: JWT content" name="Given database has no users." time="0"/>
  <testcase classname="Scenario: JWT content" name="Given having account stanislav@trifan.com with password &apos;s3cr3t&apos;" time="0"/>
  <testcase classname="Scenario: JWT content" name="When login as stanislav@trifan.com with password &apos;s3cr3t&apos;" time="0"/>
  <testcase classname="Scenario: JWT content" name="Then response code is 200" time="0"/>
  <testcase classname="Scenario: JWT content" name="And response contains: jwt" time="0"/>
  <testcase classname="Scenario: JWT content" name="When extract JWT details" time="0"/>
  <testcase classname="Scenario: JWT content" name="Then JWT email is stanislav@trifan.com" time="0"/>
  <testcase classname="Scenario: JWT content" name="And JWT contains role USER" time="0">
    <failure message="User doesn&apos;t have the role: USER" type="java.lang.AssertionError">java.lang.AssertionError: User doesn&apos;t have the role: USER
	at org.junit.Assert.fail(Assert.java:88)
	at org.junit.Assert.assertTrue(Assert.java:41)
	at features.RESTStepdefs.checkJwtRole(RESTStepdefs.java:71)
	at ✽.And JWT contains role USER(features/login.feature:25)
</failure>
  </testcase>
  <testcase classname="Scenario: JWT content" name="Scenario: JWT content" time="0">
    <failure message="User doesn&apos;t have the role: USER" type="java.lang.AssertionError">java.lang.AssertionError: User doesn&apos;t have the role: USER
	at org.junit.Assert.fail(Assert.java:88)
	at org.junit.Assert.assertTrue(Assert.java:41)
	at features.RESTStepdefs.checkJwtRole(RESTStepdefs.java:71)
	at ✽.And JWT contains role USER(features/login.feature:25)
</failure>
  </testcase>
  <testcase classname="Scenario: List no roles" name="Given no roles in database." time="0">
    <error type="java.lang.NullPointerException">java.lang.NullPointerException
	at features.DatabaseStepdefs.deleteRoles(DatabaseStepdefs.java:50)
	at ✽.Given no roles in database.(features/role.feature:5)
</error>
    <system-out>
  Scenario: JWT content                                              &amp;#27;[90m# features/login.feature:18&amp;#27;[0m
    &amp;#27;[32mGiven &amp;#27;[0m&amp;#27;[32mhaving account &amp;#27;[0m&amp;#27;[32m&amp;#27;[1mstanislav@trifan.com&amp;#27;[0m&amp;#27;[32m with password &apos;&amp;#27;[0m&amp;#27;[32m&amp;#27;[1ms3cr3t&amp;#27;[0m&amp;#27;[32m&apos;&amp;#27;[0m &amp;#27;[90m# DatabaseStepdefs.createAccount(String,String)&amp;#27;[0m
    &amp;#27;[32mWhen &amp;#27;[0m&amp;#27;[32mlogin as &amp;#27;[0m&amp;#27;[32m&amp;#27;[1mstanislav@trifan.com&amp;#27;[0m&amp;#27;[32m with password &apos;&amp;#27;[0m&amp;#27;[32m&amp;#27;[1ms3cr3t&amp;#27;[0m&amp;#27;[32m&apos;&amp;#27;[0m        &amp;#27;[90m# RESTStepdefs.login(String,String)&amp;#27;[0m
    &amp;#27;[32mThen &amp;#27;[0m&amp;#27;[32mresponse code is &amp;#27;[0m&amp;#27;[32m&amp;#27;[1m200&amp;#27;[0m                                        &amp;#27;[90m# RESTStepdefs.checkResponseCode(int)&amp;#27;[0m
    &amp;#27;[32mAnd &amp;#27;[0m&amp;#27;[32mresponse contains: &amp;#27;[0m&amp;#27;[32m&amp;#27;[1mjwt&amp;#27;[0m                                       &amp;#27;[90m# RESTStepdefs.responseContains(String)&amp;#27;[0m
    &amp;#27;[32mWhen &amp;#27;[0m&amp;#27;[32mextract JWT details&amp;#27;[0m                                         &amp;#27;[90m# RESTStepdefs.extractJwtDetails()&amp;#27;[0m
    &amp;#27;[32mThen &amp;#27;[0m&amp;#27;[32mJWT email is &amp;#27;[0m&amp;#27;[32m&amp;#27;[1mstanislav@trifan.com&amp;#27;[0m                           &amp;#27;[90m# RESTStepdefs.checkJwtEmail(String)&amp;#27;[0m
    &amp;#27;[31mAnd &amp;#27;[0m&amp;#27;[31mJWT contains role &amp;#27;[0m&amp;#27;[31m&amp;#27;[1mUSER&amp;#27;[0m                                       &amp;#27;[90m# RESTStepdefs.checkJwtRole(String)&amp;#27;[0m
      &amp;#27;[31mjava.lang.AssertionError: User doesn&apos;t have the role: USER
      	at org.junit.Assert.fail(Assert.java:88)
      	at org.junit.Assert.assertTrue(Assert.java:41)
      	at features.RESTStepdefs.checkJwtRole(RESTStepdefs.java:71)
      	at ✽.And JWT contains role USER(features/login.feature:25)
      &amp;#27;[0m
Feature: Manage roles
</system-out>
  </testcase>
  <testcase classname="Scenario: List no roles" name="Scenario: List no roles" time="0">
    <error type="java.lang.NullPointerException">java.lang.NullPointerException
	at features.DatabaseStepdefs.deleteRoles(DatabaseStepdefs.java:50)
	at ✽.Given no roles in database.(features/role.feature:5)
</error>
  </testcase>
  <testcase classname="Scenario: Create user without being logged in" name="Given database has no users." time="0"/>
  <testcase classname="Scenario: Create user without being logged in" name="When request user creation for: john@carter.com with password &quot;an0nymus&quot; as John Carter" time="0"/>
  <testcase classname="Scenario: Create user without being logged in" name="Then response code is 401" time="0"/>
  <testcase classname="Scenario: Create user without being logged in" name="Scenario: Create user without being logged in" time="0"/>
  <testcase classname="Scenario: Create user without manager role" name="Given database has no users." time="0"/>
  <testcase classname="Scenario: Create user without manager role" name="Given having account stanislav@trifan.com with password &apos;s3cr3t&apos;" time="0.001"/>
  <testcase classname="Scenario: Create user without manager role" name="And login as stanislav@trifan.com with password &apos;s3cr3t&apos;" time="0"/>
  <testcase classname="Scenario: Create user without manager role" name="When request user creation for: john@carter.com with password &quot;an0nymus&quot; as John Carter" time="0"/>
  <testcase classname="Scenario: Create user without manager role" name="Then response code is 401" time="0.001"/>
  <testcase classname="Scenario: Create user without manager role" name="Scenario: Create user without manager role" time="0.001"/>
  <testcase classname="Scenario: Create user with manager role" name="Given database has no users." time="0"/>
  <testcase classname="Scenario: Create user with manager role" name="Given having account stanislav@trifan.com with password &apos;s3cr3t&apos;" time="0.001"/>
  <testcase classname="Scenario: Create user with manager role" name="And login as stanislav@trifan.com with password &apos;s3cr3t&apos;" time="0"/>
  <testcase classname="Scenario: Create user with manager role" name="And stanislav@trifan.com has manager role" time="0">
    <error message="Not implemented role functionality" type="org.apache.commons.lang3.NotImplementedException">org.apache.commons.lang3.NotImplementedException: Not implemented role functionality
	at com.github.cybortronik.registry.service.UserServiceImpl.addRoleToUser(UserServiceImpl.java:63)
	at features.DatabaseStepdefs.addUserRole(DatabaseStepdefs.java:40)
	at ✽.And stanislav@trifan.com has manager role(features/user/create.feature:20)
</error>
  </testcase>
  <testcase classname="Scenario: Create user with manager role" name="Scenario: Create user with manager role" time="0">
    <error message="Not implemented role functionality" type="org.apache.commons.lang3.NotImplementedException">org.apache.commons.lang3.NotImplementedException: Not implemented role functionality
	at com.github.cybortronik.registry.service.UserServiceImpl.addRoleToUser(UserServiceImpl.java:63)
	at features.DatabaseStepdefs.addUserRole(DatabaseStepdefs.java:40)
	at ✽.And stanislav@trifan.com has manager role(features/user/create.feature:20)
</error>
  </testcase>
  <testcase classname="Scenario: Create user with manager role" name="When request user creation for: john@carter.com with password &quot;an0nymus&quot; as John Carter" time="0.002">
    <skipped/>
  </testcase>
  <testcase classname="Scenario: Create user with manager role" name="Then response code is 200" time="0.002">
    <skipped/>
  </testcase>
  <testcase classname="Scenario: Create user with manager role" name="And response contains: &quot;displayName&quot;:&quot;John Carter&quot;" time="0.003">
    <skipped/>
  </testcase>
</testsuite>