<?xml version="1.0" encoding="UTF-8" ?>
<testsuite tests="8" failures="0" name="features.FeaturesRunner" time="0.427" errors="0" skipped="0">
  <properties>
[...]
</properties>
  <testcase name="Given no users in database." time="0.001"/>
  <testcase name="When create user: Stanislav Trifan, strifan@email.com, qwertyhash" time="0"/>
  <testcase name="And find user by email: strifan@email.com" time="0"/>
  <testcase name="Then found user has name Stanislav Trifan" time="0"/>
  <testcase name="And found user has password hash qwertyhash" time="0"/>
  <testcase name="And found user was created in less that 1 minute ago" time="0"/>
  <testcase name="And found user is enabled" time="0"/>
  <testcase name="Scenario: Create user" time="0"/>
</testsuite>